Determining if the pthread_create exist failed with the following output:
Change Dir: /home/bowen/Desktop/Stanley2.0/ros/build/CMakeFiles/CMakeTmp

Run Build Command:"/usr/bin/make" "cmTC_ed63b/fast"
/usr/bin/make -f CMakeFiles/cmTC_ed63b.dir/build.make CMakeFiles/cmTC_ed63b.dir/build
make[1]: Entering directory '/home/bowen/Desktop/Stanley2.0/ros/build/CMakeFiles/CMakeTmp'
Building C object CMakeFiles/cmTC_ed63b.dir/CheckSymbolExists.c.o
/usr/bin/cc     -o CMakeFiles/cmTC_ed63b.dir/CheckSymbolExists.c.o   -c /home/bowen/Desktop/Stanley2.0/ros/build/CMakeFiles/CMakeTmp/CheckSymbolExists.c
Linking C executable cmTC_ed63b
/usr/bin/cmake -E cmake_link_script CMakeFiles/cmTC_ed63b.dir/link.txt --verbose=1
/usr/bin/cc       CMakeFiles/cmTC_ed63b.dir/CheckSymbolExists.c.o  -o cmTC_ed63b -rdynamic 
CMakeFiles/cmTC_ed63b.dir/CheckSymbolExists.c.o: In function `main':
CheckSymbolExists.c:(.text+0x16): undefined reference to `pthread_create'
collect2: error: ld returned 1 exit status
CMakeFiles/cmTC_ed63b.dir/build.make:97: recipe for target 'cmTC_ed63b' failed
make[1]: *** [cmTC_ed63b] Error 1
make[1]: Leaving directory '/home/bowen/Desktop/Stanley2.0/ros/build/CMakeFiles/CMakeTmp'
Makefile:126: recipe for target 'cmTC_ed63b/fast' failed
make: *** [cmTC_ed63b/fast] Error 2

File /home/bowen/Desktop/Stanley2.0/ros/build/CMakeFiles/CMakeTmp/CheckSymbolExists.c:
/* */
#include <pthread.h>

int main(int argc, char** argv)
{
  (void)argv;
#ifndef pthread_create
  return ((int*)(&pthread_create))[argc];
#else
  (void)argc;
  return 0;
#endif
}

Determining if the function pthread_create exists in the pthreads failed with the following output:
Change Dir: /home/bowen/Desktop/Stanley2.0/ros/build/CMakeFiles/CMakeTmp

Run Build Command:"/usr/bin/make" "cmTC_e6159/fast"
/usr/bin/make -f CMakeFiles/cmTC_e6159.dir/build.make CMakeFiles/cmTC_e6159.dir/build
make[1]: Entering directory '/home/bowen/Desktop/Stanley2.0/ros/build/CMakeFiles/CMakeTmp'
Building C object CMakeFiles/cmTC_e6159.dir/CheckFunctionExists.c.o
/usr/bin/cc    -DCHECK_FUNCTION_EXISTS=pthread_create   -o CMakeFiles/cmTC_e6159.dir/CheckFunctionExists.c.o   -c /usr/share/cmake-3.5/Modules/CheckFunctionExists.c
Linking C executable cmTC_e6159
/usr/bin/cmake -E cmake_link_script CMakeFiles/cmTC_e6159.dir/link.txt --verbose=1
/usr/bin/cc   -DCHECK_FUNCTION_EXISTS=pthread_create    CMakeFiles/cmTC_e6159.dir/CheckFunctionExists.c.o  -o cmTC_e6159 -rdynamic -lpthreads 
/usr/bin/ld: cannot find -lpthreads
collect2: error: ld returned 1 exit status
CMakeFiles/cmTC_e6159.dir/build.make:97: recipe for target 'cmTC_e6159' failed
make[1]: *** [cmTC_e6159] Error 1
make[1]: Leaving directory '/home/bowen/Desktop/Stanley2.0/ros/build/CMakeFiles/CMakeTmp'
Makefile:126: recipe for target 'cmTC_e6159/fast' failed
make: *** [cmTC_e6159/fast] Error 2


